2023.10.09 21:11:00 INFO  Started: Metals version 1.0.1 in folders 'C:\sources\BAU\python\ml\advml\week3' for client Visual Studio Code 1.83.0.
Oct 09, 2023 9:11:00 PM org.flywaydb.core.internal.license.VersionPrinter printVersionOnly
INFO: Flyway Community Edition 9.21.2 by Redgate
Oct 09, 2023 9:11:01 PM org.flywaydb.core.internal.license.VersionPrinter printVersion
INFO: See release notes here: https://rd.gt/416ObMi
Oct 09, 2023 9:11:01 PM org.flywaydb.core.internal.license.VersionPrinter printVersion
INFO: 
Oct 09, 2023 9:11:01 PM org.flywaydb.core.FlywayExecutor execute
INFO: Database: jdbc:h2:file:C:\sources\BAU\python\ml\advml\week3\.metals\metals (H2 2.1)
Oct 09, 2023 9:11:01 PM org.flywaydb.core.internal.schemahistory.JdbcTableSchemaHistory allAppliedMigrations
INFO: Schema history table "PUBLIC"."flyway_schema_history" does not exist yet
Oct 09, 2023 9:11:01 PM org.flywaydb.core.internal.command.DbValidate validate
INFO: Successfully validated 4 migrations (execution time 00:00.073s)
Oct 09, 2023 9:11:01 PM org.flywaydb.core.internal.schemahistory.JdbcTableSchemaHistory create
INFO: Creating Schema History table "PUBLIC"."flyway_schema_history" ...
Oct 09, 2023 9:11:02 PM org.flywaydb.core.internal.command.DbMigrate migrateGroup
INFO: Current version of schema "PUBLIC": << Empty Schema >>
Oct 09, 2023 9:11:02 PM org.flywaydb.core.internal.command.DbMigrate doMigrateGroup
INFO: Migrating schema "PUBLIC" to version "1 - Create tables"
Oct 09, 2023 9:11:02 PM org.flywaydb.core.internal.command.DbMigrate doMigrateGroup
INFO: Migrating schema "PUBLIC" to version "2 - Server discovery"
Oct 09, 2023 9:11:02 PM org.flywaydb.core.internal.command.DbMigrate doMigrateGroup
INFO: Migrating schema "PUBLIC" to version "3 - Jar symbols"
Oct 09, 2023 9:11:02 PM org.flywaydb.core.internal.command.DbMigrate doMigrateGroup
INFO: Migrating schema "PUBLIC" to version "4 - Fingerprints"
Oct 09, 2023 9:11:02 PM org.flywaydb.core.internal.command.DbMigrate logSummary
INFO: Successfully applied 4 migrations to schema "PUBLIC", now at version v4 (execution time 00:00.063s)
2023.10.09 21:11:02 INFO  time: initialize in 1.69s
2023.10.09 21:11:07 WARN  Build server is not auto-connectable.
2023.10.09 21:11:07 WARN  no build tool detected in workspace 'C:\sources\BAU\python\ml\advml\week3'. The most common cause for this problem is that the editor was opened in the wrong working directory, for example if you use sbt then the workspace directory should contain build.sbt. 
